2020-12-30T14:11:43  <Info> phidget22 : 
	******************************  Logging Enabled  ******************************
	* Phidget22 - Version 1.6 - Built Dec 17 2020 23:29:52                        *
	* Release 1.6.20201117 - Linux (32-bit)                                       *
	*******************************************************************************
2020-12-30T14:24:05  <Info> phidget22 : 
	******************************  Logging Enabled  ******************************
	* Phidget22 - Version 1.6 - Built Dec 17 2020 23:29:52                        *
	* Release 1.6.20201117 - Linux (32-bit)                                       *
	*******************************************************************************
2020-12-30T14:24:05  <Info> phidget22usb[PhidgetUSBScanDevices()] : Initializing libusb
2020-12-30T14:24:10  <Info> phidget22usb[PhidgetUSBUninit()] : Deinitializing libusb
2021-01-12T23:28:12  <Info> phidget22 : 
	******************************  Logging Enabled  ******************************
	* Phidget22 - Version 1.6 - Built Dec 17 2020 23:29:52                        *
	* Release 1.6.20201117 - Linux (32-bit)                                       *
	*******************************************************************************
2021-01-12T23:28:12  <Info> phidget22usb[PhidgetUSBScanDevices()] : Initializing libusb
2021-01-12T23:28:17  <Info> phidget22usb[PhidgetUSBUninit()] : Deinitializing libusb
2021-01-15T22:01:27  <Info> phidget22 : 
	******************************  Logging Enabled  ******************************
	* Phidget22 - Version 1.6 - Built Dec 17 2020 23:29:52                        *
	* Release 1.6.20201117 - Linux (32-bit)                                       *
	*******************************************************************************
2021-01-15T22:01:27  <Info> phidget22usb[PhidgetUSBScanDevices()] : Initializing libusb
2021-01-15T22:01:32  <Info> phidget22usb[PhidgetUSBUninit()] : Deinitializing libusb
2021-01-15T22:33:35  <Info> phidget22 : 
	******************************  Logging Enabled  ******************************
	* Phidget22 - Version 1.6 - Built Dec 17 2020 23:29:52                        *
	* Release 1.6.20201117 - Linux (32-bit)                                       *
	*******************************************************************************
2021-01-15T22:33:35  <Info> phidget22usb[PhidgetUSBScanDevices()] : Initializing libusb
2021-01-15T22:33:40  <Info> phidget22usb[PhidgetUSBUninit()] : Deinitializing libusb
2021-01-16T16:35:47  <Info> phidget22 : 
	******************************  Logging Enabled  ******************************
	* Phidget22 - Version 1.6 - Built Dec 17 2020 23:29:52                        *
	* Release 1.6.20201117 - Linux (32-bit)                                       *
	*******************************************************************************
2021-01-16T16:35:47  <Info> phidget22usb[PhidgetUSBScanDevices()] : Initializing libusb
2021-01-16T16:35:52  <Info> phidget22usb[PhidgetUSBUninit()] : Deinitializing libusb
